<?xml version="1.0" encoding="UTF-8"?>
<coverage generated="1663864292556" clover="3.2.0">
  <project timestamp="1663864292556" name="All files">
    <metrics statements="77" coveredstatements="56" conditionals="36" coveredconditionals="28" methods="32" coveredmethods="22" elements="145" coveredelements="106" complexity="0" loc="77" ncloc="77" packages="10" files="20" classes="20"/>
    <package name="src">
      <metrics statements="4" coveredstatements="2" conditionals="0" coveredconditionals="0" methods="1" coveredmethods="1"/>
      <file name="App.tsx" path="/Users/mauroandocilla/Documents/Work/ballastlane/assessment/app/pokemon/src/App.tsx">
        <metrics statements="1" coveredstatements="1" conditionals="0" coveredconditionals="0" methods="1" coveredmethods="1"/>
        <line num="7" count="1" type="stmt"/>
      </file>
      <file name="constants.ts" path="/Users/mauroandocilla/Documents/Work/ballastlane/assessment/app/pokemon/src/constants.ts">
        <metrics statements="1" coveredstatements="1" conditionals="0" coveredconditionals="0" methods="0" coveredmethods="0"/>
        <line num="1" count="2" type="stmt"/>
      </file>
      <file name="index.tsx" path="/Users/mauroandocilla/Documents/Work/ballastlane/assessment/app/pokemon/src/index.tsx">
        <metrics statements="2" coveredstatements="0" conditionals="0" coveredconditionals="0" methods="0" coveredmethods="0"/>
        <line num="5" count="0" type="stmt"/>
        <line num="8" count="0" type="stmt"/>
      </file>
    </package>
    <package name="src.components.PokemonGuesser">
      <metrics statements="22" coveredstatements="22" conditionals="18" coveredconditionals="18" methods="6" coveredmethods="6"/>
      <file name="PokemonGuesserContainer.tsx" path="/Users/mauroandocilla/Documents/Work/ballastlane/assessment/app/pokemon/src/components/PokemonGuesser/PokemonGuesserContainer.tsx">
        <metrics statements="16" coveredstatements="16" conditionals="2" coveredconditionals="2" methods="4" coveredmethods="4"/>
        <line num="8" count="2" type="stmt"/>
        <line num="9" count="11" type="stmt"/>
        <line num="10" count="11" type="stmt"/>
        <line num="14" count="11" type="stmt"/>
        <line num="16" count="11" type="stmt"/>
        <line num="18" count="11" type="stmt"/>
        <line num="19" count="3" type="cond" truecount="2" falsecount="0"/>
        <line num="20" count="1" type="stmt"/>
        <line num="22" count="2" type="stmt"/>
        <line num="26" count="11" type="stmt"/>
        <line num="27" count="7" type="stmt"/>
        <line num="30" count="11" type="stmt"/>
        <line num="31" count="1" type="stmt"/>
        <line num="32" count="1" type="stmt"/>
        <line num="35" count="11" type="stmt"/>
        <line num="37" count="11" type="stmt"/>
      </file>
      <file name="PokemonGuesserPresentational.tsx" path="/Users/mauroandocilla/Documents/Work/ballastlane/assessment/app/pokemon/src/components/PokemonGuesser/PokemonGuesserPresentational.tsx">
        <metrics statements="6" coveredstatements="6" conditionals="16" coveredconditionals="16" methods="2" coveredmethods="2"/>
        <line num="6" count="3" type="stmt"/>
        <line num="7" count="19" type="stmt"/>
        <line num="9" count="19" type="stmt"/>
        <line num="10" count="4" type="stmt"/>
        <line num="11" count="4" type="cond" truecount="2" falsecount="0"/>
        <line num="14" count="19" type="stmt"/>
      </file>
      <file name="index.ts" path="/Users/mauroandocilla/Documents/Work/ballastlane/assessment/app/pokemon/src/components/PokemonGuesser/index.ts">
        <metrics statements="0" coveredstatements="0" conditionals="0" coveredconditionals="0" methods="0" coveredmethods="0"/>
      </file>
      <file name="types.ts" path="/Users/mauroandocilla/Documents/Work/ballastlane/assessment/app/pokemon/src/components/PokemonGuesser/types.ts">
        <metrics statements="0" coveredstatements="0" conditionals="0" coveredconditionals="0" methods="0" coveredmethods="0"/>
      </file>
    </package>
    <package name="src.components.PokemonGuesser.components">
      <metrics statements="4" coveredstatements="4" conditionals="2" coveredconditionals="2" methods="2" coveredmethods="2"/>
      <file name="PokemonGuessingImage.tsx" path="/Users/mauroandocilla/Documents/Work/ballastlane/assessment/app/pokemon/src/components/PokemonGuesser/components/PokemonGuessingImage.tsx">
        <metrics statements="4" coveredstatements="4" conditionals="2" coveredconditionals="2" methods="2" coveredmethods="2"/>
        <line num="12" count="4" type="stmt"/>
        <line num="14" count="20" type="cond" truecount="2" falsecount="0"/>
        <line num="17" count="4" type="stmt"/>
        <line num="18" count="20" type="stmt"/>
      </file>
    </package>
    <package name="src.components.PokemonGuesser.hooks">
      <metrics statements="13" coveredstatements="12" conditionals="8" coveredconditionals="6" methods="3" coveredmethods="3"/>
      <file name="useGetRandomPokemon.ts" path="/Users/mauroandocilla/Documents/Work/ballastlane/assessment/app/pokemon/src/components/PokemonGuesser/hooks/useGetRandomPokemon.ts">
        <metrics statements="13" coveredstatements="12" conditionals="8" coveredconditionals="6" methods="3" coveredmethods="3"/>
        <line num="12" count="11" type="stmt"/>
        <line num="19" count="11" type="stmt"/>
        <line num="21" count="11" type="stmt"/>
        <line num="23" count="11" type="stmt"/>
        <line num="24" count="7" type="stmt"/>
        <line num="26" count="7" type="cond" truecount="4" falsecount="0"/>
        <line num="27" count="5" type="stmt"/>
        <line num="28" count="2" type="cond" truecount="2" falsecount="2"/>
        <line num="29" count="0" type="stmt"/>
        <line num="32" count="2" type="stmt"/>
        <line num="40" count="11" type="stmt"/>
        <line num="41" count="1" type="stmt"/>
        <line num="44" count="11" type="stmt"/>
      </file>
    </package>
    <package name="src.components.PokemonGuesser.lib">
      <metrics statements="1" coveredstatements="1" conditionals="0" coveredconditionals="0" methods="1" coveredmethods="1"/>
      <file name="getRandomInt.ts" path="/Users/mauroandocilla/Documents/Work/ballastlane/assessment/app/pokemon/src/components/PokemonGuesser/lib/getRandomInt.ts">
        <metrics statements="1" coveredstatements="1" conditionals="0" coveredconditionals="0" methods="1" coveredmethods="1"/>
        <line num="2" count="1" type="stmt"/>
      </file>
    </package>
    <package name="src.context">
      <metrics statements="12" coveredstatements="7" conditionals="4" coveredconditionals="0" methods="4" coveredmethods="2"/>
      <file name="PokemonContext.tsx" path="/Users/mauroandocilla/Documents/Work/ballastlane/assessment/app/pokemon/src/context/PokemonContext.tsx">
        <metrics statements="7" coveredstatements="7" conditionals="0" coveredconditionals="0" methods="3" coveredmethods="2"/>
        <line num="6" count="2" type="stmt"/>
        <line num="11" count="2" type="stmt"/>
        <line num="17" count="2" type="stmt"/>
        <line num="18" count="2" type="stmt"/>
        <line num="22" count="7" type="stmt"/>
        <line num="24" count="7" type="stmt"/>
        <line num="29" count="7" type="stmt"/>
      </file>
      <file name="reducer.ts" path="/Users/mauroandocilla/Documents/Work/ballastlane/assessment/app/pokemon/src/context/reducer.ts">
        <metrics statements="5" coveredstatements="0" conditionals="4" coveredconditionals="0" methods="1" coveredmethods="0"/>
        <line num="7" count="0" type="cond" truecount="0" falsecount="4"/>
        <line num="9" count="0" type="stmt"/>
        <line num="11" count="0" type="stmt"/>
        <line num="13" count="0" type="stmt"/>
        <line num="15" count="0" type="stmt"/>
      </file>
      <file name="types.ts" path="/Users/mauroandocilla/Documents/Work/ballastlane/assessment/app/pokemon/src/context/types.ts">
        <metrics statements="0" coveredstatements="0" conditionals="0" coveredconditionals="0" methods="0" coveredmethods="0"/>
      </file>
    </package>
    <package name="src.context.reducers">
      <metrics statements="6" coveredstatements="0" conditionals="2" coveredconditionals="0" methods="4" coveredmethods="0"/>
      <file name="setIsLoadingReducer.ts" path="/Users/mauroandocilla/Documents/Work/ballastlane/assessment/app/pokemon/src/context/reducers/setIsLoadingReducer.ts">
        <metrics statements="1" coveredstatements="0" conditionals="0" coveredconditionals="0" methods="1" coveredmethods="0"/>
        <line num="7" count="0" type="stmt"/>
      </file>
      <file name="updateAllPokemonsReducer.ts" path="/Users/mauroandocilla/Documents/Work/ballastlane/assessment/app/pokemon/src/context/reducers/updateAllPokemonsReducer.ts">
        <metrics statements="1" coveredstatements="0" conditionals="0" coveredconditionals="0" methods="1" coveredmethods="0"/>
        <line num="7" count="0" type="stmt"/>
      </file>
      <file name="updatePokemonDetailReducer.ts" path="/Users/mauroandocilla/Documents/Work/ballastlane/assessment/app/pokemon/src/context/reducers/updatePokemonDetailReducer.ts">
        <metrics statements="4" coveredstatements="0" conditionals="2" coveredconditionals="0" methods="2" coveredmethods="0"/>
        <line num="7" count="0" type="stmt"/>
        <line num="11" count="0" type="cond" truecount="0" falsecount="2"/>
        <line num="12" count="0" type="stmt"/>
        <line num="14" count="0" type="stmt"/>
      </file>
    </package>
    <package name="src.hooks">
      <metrics statements="7" coveredstatements="3" conditionals="0" coveredconditionals="0" methods="4" coveredmethods="3"/>
      <file name="useAllPokemons.ts" path="/Users/mauroandocilla/Documents/Work/ballastlane/assessment/app/pokemon/src/hooks/useAllPokemons.ts">
        <metrics statements="3" coveredstatements="2" conditionals="0" coveredconditionals="0" methods="2" coveredmethods="2"/>
        <line num="6" count="11" type="stmt"/>
        <line num="7" count="7" type="stmt"/>
        <line num="8" count="0" type="stmt"/>
      </file>
      <file name="usePokemonDetail.ts" path="/Users/mauroandocilla/Documents/Work/ballastlane/assessment/app/pokemon/src/hooks/usePokemonDetail.ts">
        <metrics statements="4" coveredstatements="1" conditionals="0" coveredconditionals="0" methods="2" coveredmethods="1"/>
        <line num="6" count="11" type="stmt"/>
        <line num="8" count="0" type="stmt"/>
        <line num="12" count="0" type="stmt"/>
        <line num="13" count="0" type="stmt"/>
      </file>
    </package>
    <package name="src.provider">
      <metrics statements="5" coveredstatements="3" conditionals="2" coveredconditionals="2" methods="5" coveredmethods="3"/>
      <file name="PokemonApiProvider.ts" path="/Users/mauroandocilla/Documents/Work/ballastlane/assessment/app/pokemon/src/provider/PokemonApiProvider.ts">
        <metrics statements="5" coveredstatements="3" conditionals="2" coveredconditionals="2" methods="5" coveredmethods="3"/>
        <line num="10" count="2" type="stmt"/>
        <line num="17" count="2" type="cond" truecount="2" falsecount="0"/>
        <line num="21" count="0" type="stmt"/>
        <line num="25" count="7" type="stmt"/>
        <line num="29" count="0" type="stmt"/>
      </file>
    </package>
    <package name="src.services">
      <metrics statements="3" coveredstatements="2" conditionals="0" coveredconditionals="0" methods="2" coveredmethods="1"/>
      <file name="PokemonService.ts" path="/Users/mauroandocilla/Documents/Work/ballastlane/assessment/app/pokemon/src/services/PokemonService.ts">
        <metrics statements="3" coveredstatements="2" conditionals="0" coveredconditionals="0" methods="2" coveredmethods="1"/>
        <line num="4" count="2" type="stmt"/>
        <line num="7" count="7" type="stmt"/>
        <line num="11" count="0" type="stmt"/>
      </file>
    </package>
  </project>
</coverage>
