{"/Users/mauroandocilla/Documents/Work/ballastlane/assessment/app/pokemon/src/App.tsx": {"path":"/Users/mauroandocilla/Documents/Work/ballastlane/assessment/app/pokemon/src/App.tsx","statementMap":{"0":{"start":{"line":7,"column":2},"end":{"line":33,"column":4}}},"fnMap":{"0":{"name":"App","decl":{"start":{"line":6,"column":9},"end":{"line":6,"column":12}},"loc":{"start":{"line":6,"column":15},"end":{"line":34,"column":1}},"line":6}},"branchMap":{},"s":{"0":1},"f":{"0":1},"b":{},"_coverageSchema":"1a1c01bbd47fc00a2c39e90264f33305004495a9","hash":"13044764d8941ce8aa6dee081552ffaf20b76824"}
,"/Users/mauroandocilla/Documents/Work/ballastlane/assessment/app/pokemon/src/constants.ts": {"path":"/Users/mauroandocilla/Documents/Work/ballastlane/assessment/app/pokemon/src/constants.ts","statementMap":{"0":{"start":{"line":1,"column":36},"end":{"line":1,"column":39}}},"fnMap":{},"branchMap":{},"s":{"0":2},"f":{},"b":{},"_coverageSchema":"1a1c01bbd47fc00a2c39e90264f33305004495a9","hash":"2088f6ccb11d6ce91fb88b8d04503947149314ad"}
,"/Users/mauroandocilla/Documents/Work/ballastlane/assessment/app/pokemon/src/index.tsx": {"path":"/Users/mauroandocilla/Documents/Work/ballastlane/assessment/app/pokemon/src/index.tsx","statementMap":{"0":{"start":{"line":5,"column":13},"end":{"line":7,"column":1}},"1":{"start":{"line":8,"column":0},"end":{"line":8,"column":20}}},"fnMap":{},"branchMap":{},"s":{"0":0,"1":0},"f":{},"b":{}}
,"/Users/mauroandocilla/Documents/Work/ballastlane/assessment/app/pokemon/src/components/PokemonGuesser/PokemonGuesserContainer.tsx": {"path":"/Users/mauroandocilla/Documents/Work/ballastlane/assessment/app/pokemon/src/components/PokemonGuesser/PokemonGuesserContainer.tsx","statementMap":{"0":{"start":{"line":8,"column":39},"end":{"line":46,"column":1}},"1":{"start":{"line":9,"column":47},"end":{"line":9,"column":68}},"2":{"start":{"line":10,"column":38},"end":{"line":12,"column":3}},"3":{"start":{"line":14,"column":21},"end":{"line":14,"column":33}},"4":{"start":{"line":16,"column":25},"end":{"line":16,"column":49}},"5":{"start":{"line":18,"column":18},"end":{"line":24,"column":3}},"6":{"start":{"line":19,"column":4},"end":{"line":23,"column":5}},"7":{"start":{"line":20,"column":6},"end":{"line":20,"column":41}},"8":{"start":{"line":22,"column":6},"end":{"line":22,"column":39}},"9":{"start":{"line":26,"column":2},"end":{"line":28,"column":9}},"10":{"start":{"line":27,"column":4},"end":{"line":27,"column":21}},"11":{"start":{"line":30,"column":18},"end":{"line":33,"column":3}},"12":{"start":{"line":31,"column":4},"end":{"line":31,"column":26}},"13":{"start":{"line":32,"column":4},"end":{"line":32,"column":40}},"14":{"start":{"line":35,"column":33},"end":{"line":35,"column":55}},"15":{"start":{"line":37,"column":2},"end":{"line":45,"column":4}}},"fnMap":{"0":{"name":"(anonymous_0)","decl":{"start":{"line":8,"column":39},"end":{"line":8,"column":40}},"loc":{"start":{"line":8,"column":45},"end":{"line":46,"column":1}},"line":8},"1":{"name":"(anonymous_1)","decl":{"start":{"line":18,"column":18},"end":{"line":18,"column":19}},"loc":{"start":{"line":18,"column":36},"end":{"line":24,"column":3}},"line":18},"2":{"name":"(anonymous_2)","decl":{"start":{"line":26,"column":18},"end":{"line":26,"column":19}},"loc":{"start":{"line":26,"column":24},"end":{"line":28,"column":3}},"line":26},"3":{"name":"(anonymous_3)","decl":{"start":{"line":30,"column":18},"end":{"line":30,"column":19}},"loc":{"start":{"line":30,"column":24},"end":{"line":33,"column":3}},"line":30}},"branchMap":{"0":{"loc":{"start":{"line":19,"column":4},"end":{"line":23,"column":5}},"type":"if","locations":[{"start":{"line":19,"column":4},"end":{"line":23,"column":5}},{"start":{"line":21,"column":11},"end":{"line":23,"column":5}}],"line":19}},"s":{"0":2,"1":11,"2":11,"3":11,"4":11,"5":11,"6":3,"7":1,"8":2,"9":11,"10":7,"11":11,"12":1,"13":1,"14":11,"15":11},"f":{"0":11,"1":3,"2":7,"3":1},"b":{"0":[1,2]},"_coverageSchema":"1a1c01bbd47fc00a2c39e90264f33305004495a9","hash":"5291d75245915212a1e0eaa5858be730caf835a5"}
,"/Users/mauroandocilla/Documents/Work/ballastlane/assessment/app/pokemon/src/components/PokemonGuesser/PokemonGuesserPresentational.tsx": {"path":"/Users/mauroandocilla/Documents/Work/ballastlane/assessment/app/pokemon/src/components/PokemonGuesser/PokemonGuesserPresentational.tsx","statementMap":{"0":{"start":{"line":6,"column":44},"end":{"line":55,"column":1}},"1":{"start":{"line":7,"column":19},"end":{"line":7,"column":55}},"2":{"start":{"line":9,"column":19},"end":{"line":12,"column":3}},"3":{"start":{"line":10,"column":4},"end":{"line":10,"column":23}},"4":{"start":{"line":11,"column":4},"end":{"line":11,"column":69}},"5":{"start":{"line":14,"column":2},"end":{"line":54,"column":4}}},"fnMap":{"0":{"name":"(anonymous_0)","decl":{"start":{"line":6,"column":44},"end":{"line":6,"column":45}},"loc":{"start":{"line":6,"column":76},"end":{"line":55,"column":1}},"line":6},"1":{"name":"(anonymous_1)","decl":{"start":{"line":9,"column":19},"end":{"line":9,"column":20}},"loc":{"start":{"line":9,"column":48},"end":{"line":12,"column":3}},"line":9}},"branchMap":{"0":{"loc":{"start":{"line":11,"column":4},"end":{"line":11,"column":68}},"type":"binary-expr","locations":[{"start":{"line":11,"column":4},"end":{"line":11,"column":27}},{"start":{"line":11,"column":31},"end":{"line":11,"column":68}}],"line":11},"1":{"loc":{"start":{"line":16,"column":7},"end":{"line":52,"column":7}},"type":"cond-expr","locations":[{"start":{"line":17,"column":8},"end":{"line":17,"column":48}},{"start":{"line":19,"column":8},"end":{"line":51,"column":25}}],"line":16},"2":{"loc":{"start":{"line":24,"column":13},"end":{"line":26,"column":13}},"type":"binary-expr","locations":[{"start":{"line":24,"column":13},"end":{"line":24,"column":46}},{"start":{"line":25,"column":14},"end":{"line":25,"column":45}}],"line":24},"3":{"loc":{"start":{"line":27,"column":13},"end":{"line":27,"column":76}},"type":"binary-expr","locations":[{"start":{"line":27,"column":13},"end":{"line":27,"column":48}},{"start":{"line":27,"column":52},"end":{"line":27,"column":76}}],"line":27},"4":{"loc":{"start":{"line":30,"column":13},"end":{"line":43,"column":13}},"type":"binary-expr","locations":[{"start":{"line":30,"column":13},"end":{"line":30,"column":49}},{"start":{"line":31,"column":14},"end":{"line":42,"column":21}}],"line":30},"5":{"loc":{"start":{"line":39,"column":17},"end":{"line":41,"column":17}},"type":"binary-expr","locations":[{"start":{"line":39,"column":17},"end":{"line":39,"column":53}},{"start":{"line":40,"column":18},"end":{"line":40,"column":83}}],"line":39},"6":{"loc":{"start":{"line":44,"column":13},"end":{"line":46,"column":13}},"type":"binary-expr","locations":[{"start":{"line":44,"column":13},"end":{"line":44,"column":46}},{"start":{"line":45,"column":14},"end":{"line":45,"column":99}}],"line":44},"7":{"loc":{"start":{"line":47,"column":13},"end":{"line":49,"column":13}},"type":"binary-expr","locations":[{"start":{"line":47,"column":13},"end":{"line":47,"column":48}},{"start":{"line":48,"column":14},"end":{"line":48,"column":101}}],"line":47}},"s":{"0":3,"1":19,"2":19,"3":4,"4":4,"5":19},"f":{"0":19,"1":4},"b":{"0":[4,4],"1":[3,16],"2":[16,4],"3":[16,3],"4":[16,9],"5":[9,9],"6":[16,4],"7":[16,3]},"_coverageSchema":"1a1c01bbd47fc00a2c39e90264f33305004495a9","hash":"83a9e60ca16f51003ba1ca8138c9ca15a8126152"}
,"/Users/mauroandocilla/Documents/Work/ballastlane/assessment/app/pokemon/src/components/PokemonGuesser/index.ts": {"path":"/Users/mauroandocilla/Documents/Work/ballastlane/assessment/app/pokemon/src/components/PokemonGuesser/index.ts","statementMap":{},"fnMap":{},"branchMap":{},"s":{},"f":{},"b":{},"_coverageSchema":"1a1c01bbd47fc00a2c39e90264f33305004495a9","hash":"32cab31ccf4044c43ebe53aa7694896d2e0dca6f"}
,"/Users/mauroandocilla/Documents/Work/ballastlane/assessment/app/pokemon/src/components/PokemonGuesser/types.ts": {"path":"/Users/mauroandocilla/Documents/Work/ballastlane/assessment/app/pokemon/src/components/PokemonGuesser/types.ts","statementMap":{},"fnMap":{},"branchMap":{},"s":{},"f":{},"b":{},"_coverageSchema":"1a1c01bbd47fc00a2c39e90264f33305004495a9","hash":"676399071c194a4a28fb202d7e9441fb92ec375c"}
,"/Users/mauroandocilla/Documents/Work/ballastlane/assessment/app/pokemon/src/components/PokemonGuesser/components/PokemonGuessingImage.tsx": {"path":"/Users/mauroandocilla/Documents/Work/ballastlane/assessment/app/pokemon/src/components/PokemonGuesser/components/PokemonGuessingImage.tsx","statementMap":{"0":{"start":{"line":12,"column":21},"end":{"line":15,"column":1}},"1":{"start":{"line":14,"column":28},"end":{"line":14,"column":64}},"2":{"start":{"line":17,"column":36},"end":{"line":25,"column":1}},"3":{"start":{"line":18,"column":2},"end":{"line":24,"column":4}}},"fnMap":{"0":{"name":"(anonymous_0)","decl":{"start":{"line":14,"column":16},"end":{"line":14,"column":17}},"loc":{"start":{"line":14,"column":28},"end":{"line":14,"column":64}},"line":14},"1":{"name":"(anonymous_1)","decl":{"start":{"line":17,"column":36},"end":{"line":17,"column":37}},"loc":{"start":{"line":17,"column":74},"end":{"line":25,"column":1}},"line":17}},"branchMap":{"0":{"loc":{"start":{"line":14,"column":28},"end":{"line":14,"column":64}},"type":"cond-expr","locations":[{"start":{"line":14,"column":47},"end":{"line":14,"column":54}},{"start":{"line":14,"column":57},"end":{"line":14,"column":64}}],"line":14}},"s":{"0":4,"1":20,"2":4,"3":20},"f":{"0":20,"1":20},"b":{"0":[11,9]},"_coverageSchema":"1a1c01bbd47fc00a2c39e90264f33305004495a9","hash":"c82c9a6b587f812d73483adc6341202fc2bbd632"}
,"/Users/mauroandocilla/Documents/Work/ballastlane/assessment/app/pokemon/src/components/PokemonGuesser/hooks/useGetRandomPokemon.ts": {"path":"/Users/mauroandocilla/Documents/Work/ballastlane/assessment/app/pokemon/src/components/PokemonGuesser/hooks/useGetRandomPokemon.ts","statementMap":{"0":{"start":{"line":12,"column":36},"end":{"line":14,"column":3}},"1":{"start":{"line":19,"column":6},"end":{"line":19,"column":18}},"2":{"start":{"line":21,"column":28},"end":{"line":21,"column":54}},"3":{"start":{"line":23,"column":24},"end":{"line":38,"column":4}},"4":{"start":{"line":24,"column":24},"end":{"line":24,"column":43}},"5":{"start":{"line":26,"column":4},"end":{"line":30,"column":5}},"6":{"start":{"line":27,"column":6},"end":{"line":27,"column":36}},"7":{"start":{"line":28,"column":11},"end":{"line":30,"column":5}},"8":{"start":{"line":29,"column":6},"end":{"line":29,"column":42}},"9":{"start":{"line":32,"column":4},"end":{"line":32,"column":16}},"10":{"start":{"line":40,"column":30},"end":{"line":42,"column":3}},"11":{"start":{"line":41,"column":4},"end":{"line":41,"column":53}},"12":{"start":{"line":44,"column":2},"end":{"line":44,"column":46}}},"fnMap":{"0":{"name":"useGetRandomPokemon","decl":{"start":{"line":8,"column":16},"end":{"line":8,"column":35}},"loc":{"start":{"line":11,"column":2},"end":{"line":45,"column":1}},"line":11},"1":{"name":"(anonymous_1)","decl":{"start":{"line":23,"column":32},"end":{"line":23,"column":33}},"loc":{"start":{"line":23,"column":38},"end":{"line":33,"column":3}},"line":23},"2":{"name":"(anonymous_2)","decl":{"start":{"line":40,"column":30},"end":{"line":40,"column":31}},"loc":{"start":{"line":40,"column":36},"end":{"line":42,"column":3}},"line":40}},"branchMap":{"0":{"loc":{"start":{"line":26,"column":4},"end":{"line":30,"column":5}},"type":"if","locations":[{"start":{"line":26,"column":4},"end":{"line":30,"column":5}},{"start":{"line":28,"column":11},"end":{"line":30,"column":5}}],"line":26},"1":{"loc":{"start":{"line":26,"column":8},"end":{"line":26,"column":45}},"type":"binary-expr","locations":[{"start":{"line":26,"column":8},"end":{"line":26,"column":27}},{"start":{"line":26,"column":31},"end":{"line":26,"column":45}}],"line":26},"2":{"loc":{"start":{"line":28,"column":11},"end":{"line":30,"column":5}},"type":"if","locations":[{"start":{"line":28,"column":11},"end":{"line":30,"column":5}},{"start":{},"end":{}}],"line":28},"3":{"loc":{"start":{"line":28,"column":15},"end":{"line":28,"column":46}},"type":"binary-expr","locations":[{"start":{"line":28,"column":15},"end":{"line":28,"column":32}},{"start":{"line":28,"column":36},"end":{"line":28,"column":46}}],"line":28}},"s":{"0":11,"1":11,"2":11,"3":11,"4":7,"5":7,"6":5,"7":2,"8":0,"9":2,"10":11,"11":1,"12":11},"f":{"0":11,"1":7,"2":1},"b":{"0":[5,2],"1":[7,5],"2":[0,2],"3":[2,0]},"_coverageSchema":"1a1c01bbd47fc00a2c39e90264f33305004495a9","hash":"478b109f564ceeea04a432b23be0decc5890658e"}
,"/Users/mauroandocilla/Documents/Work/ballastlane/assessment/app/pokemon/src/components/PokemonGuesser/lib/getRandomInt.ts": {"path":"/Users/mauroandocilla/Documents/Work/ballastlane/assessment/app/pokemon/src/components/PokemonGuesser/lib/getRandomInt.ts","statementMap":{"0":{"start":{"line":2,"column":4},"end":{"line":2,"column":43}}},"fnMap":{"0":{"name":"getRandomInt","decl":{"start":{"line":1,"column":16},"end":{"line":1,"column":28}},"loc":{"start":{"line":1,"column":50},"end":{"line":3,"column":1}},"line":1}},"branchMap":{},"s":{"0":1},"f":{"0":1},"b":{},"_coverageSchema":"1a1c01bbd47fc00a2c39e90264f33305004495a9","hash":"4c8b35890b40043742898eb8ecb316a9bfc2d063"}
,"/Users/mauroandocilla/Documents/Work/ballastlane/assessment/app/pokemon/src/context/PokemonContext.tsx": {"path":"/Users/mauroandocilla/Documents/Work/ballastlane/assessment/app/pokemon/src/context/PokemonContext.tsx","statementMap":{"0":{"start":{"line":6,"column":28},"end":{"line":9,"column":1}},"1":{"start":{"line":11,"column":30},"end":{"line":15,"column":2}},"2":{"start":{"line":17,"column":26},"end":{"line":19,"column":1}},"3":{"start":{"line":18,"column":2},"end":{"line":18,"column":36}},"4":{"start":{"line":22,"column":28},"end":{"line":22,"column":61}},"5":{"start":{"line":24,"column":16},"end":{"line":27,"column":3}},"6":{"start":{"line":29,"column":2},"end":{"line":31,"column":4}}},"fnMap":{"0":{"name":"(anonymous_0)","decl":{"start":{"line":13,"column":12},"end":{"line":13,"column":13}},"loc":{"start":{"line":13,"column":18},"end":{"line":14,"column":3}},"line":13},"1":{"name":"(anonymous_1)","decl":{"start":{"line":17,"column":26},"end":{"line":17,"column":27}},"loc":{"start":{"line":17,"column":32},"end":{"line":19,"column":1}},"line":17},"2":{"name":"PokemonProvider","decl":{"start":{"line":21,"column":16},"end":{"line":21,"column":31}},"loc":{"start":{"line":21,"column":75},"end":{"line":32,"column":1}},"line":21}},"branchMap":{},"s":{"0":2,"1":2,"2":2,"3":2,"4":7,"5":7,"6":7},"f":{"0":0,"1":2,"2":7},"b":{},"_coverageSchema":"1a1c01bbd47fc00a2c39e90264f33305004495a9","hash":"6a183fae1956833c879982b934d0ccb8213274b3"}
,"/Users/mauroandocilla/Documents/Work/ballastlane/assessment/app/pokemon/src/context/reducer.ts": {"path":"/Users/mauroandocilla/Documents/Work/ballastlane/assessment/app/pokemon/src/context/reducer.ts","statementMap":{"0":{"start":{"line":7,"column":2},"end":{"line":16,"column":3}},"1":{"start":{"line":9,"column":6},"end":{"line":9,"column":61}},"2":{"start":{"line":11,"column":6},"end":{"line":11,"column":63}},"3":{"start":{"line":13,"column":6},"end":{"line":13,"column":56}},"4":{"start":{"line":15,"column":6},"end":{"line":15,"column":19}}},"fnMap":{"0":{"name":"reducer","decl":{"start":{"line":6,"column":24},"end":{"line":6,"column":31}},"loc":{"start":{"line":6,"column":62},"end":{"line":17,"column":1}},"line":6}},"branchMap":{"0":{"loc":{"start":{"line":7,"column":2},"end":{"line":16,"column":3}},"type":"switch","locations":[{"start":{"line":8,"column":4},"end":{"line":9,"column":61}},{"start":{"line":10,"column":4},"end":{"line":11,"column":63}},{"start":{"line":12,"column":4},"end":{"line":13,"column":56}},{"start":{"line":14,"column":4},"end":{"line":15,"column":19}}],"line":7}},"s":{"0":0,"1":0,"2":0,"3":0,"4":0},"f":{"0":0},"b":{"0":[0,0,0,0]},"_coverageSchema":"1a1c01bbd47fc00a2c39e90264f33305004495a9","hash":"7bed30f2d4b70108344c94a43c8c2bcb801578ef"}
,"/Users/mauroandocilla/Documents/Work/ballastlane/assessment/app/pokemon/src/context/types.ts": {"path":"/Users/mauroandocilla/Documents/Work/ballastlane/assessment/app/pokemon/src/context/types.ts","statementMap":{},"fnMap":{},"branchMap":{},"s":{},"f":{},"b":{},"_coverageSchema":"1a1c01bbd47fc00a2c39e90264f33305004495a9","hash":"b9607c68b4d8a37e7864e65a5418b0a66dd25518"}
,"/Users/mauroandocilla/Documents/Work/ballastlane/assessment/app/pokemon/src/context/reducers/setIsLoadingReducer.ts": {"path":"/Users/mauroandocilla/Documents/Work/ballastlane/assessment/app/pokemon/src/context/reducers/setIsLoadingReducer.ts","statementMap":{"0":{"start":{"line":7,"column":2},"end":{"line":10,"column":4}}},"fnMap":{"0":{"name":"setIsLoadingReducer","decl":{"start":{"line":3,"column":16},"end":{"line":3,"column":35}},"loc":{"start":{"line":6,"column":9},"end":{"line":11,"column":1}},"line":6}},"branchMap":{},"s":{"0":0},"f":{"0":0},"b":{},"_coverageSchema":"1a1c01bbd47fc00a2c39e90264f33305004495a9","hash":"de2d032b1af6a439b9b19d1b4d964a6fefc97299"}
,"/Users/mauroandocilla/Documents/Work/ballastlane/assessment/app/pokemon/src/context/reducers/updateAllPokemonsReducer.ts": {"path":"/Users/mauroandocilla/Documents/Work/ballastlane/assessment/app/pokemon/src/context/reducers/updateAllPokemonsReducer.ts","statementMap":{"0":{"start":{"line":7,"column":2},"end":{"line":11,"column":4}}},"fnMap":{"0":{"name":"updateAllPokemonsReducer","decl":{"start":{"line":3,"column":16},"end":{"line":3,"column":40}},"loc":{"start":{"line":6,"column":9},"end":{"line":12,"column":1}},"line":6}},"branchMap":{},"s":{"0":0},"f":{"0":0},"b":{},"_coverageSchema":"1a1c01bbd47fc00a2c39e90264f33305004495a9","hash":"3a084d4ea1d62f68f8c70922b09f2c51311c2ce8"}
,"/Users/mauroandocilla/Documents/Work/ballastlane/assessment/app/pokemon/src/context/reducers/updatePokemonDetailReducer.ts": {"path":"/Users/mauroandocilla/Documents/Work/ballastlane/assessment/app/pokemon/src/context/reducers/updatePokemonDetailReducer.ts","statementMap":{"0":{"start":{"line":7,"column":2},"end":{"line":16,"column":4}},"1":{"start":{"line":11,"column":6},"end":{"line":13,"column":7}},"2":{"start":{"line":12,"column":8},"end":{"line":12,"column":23}},"3":{"start":{"line":14,"column":6},"end":{"line":14,"column":21}}},"fnMap":{"0":{"name":"updatePokemonDetailReducer","decl":{"start":{"line":3,"column":16},"end":{"line":3,"column":42}},"loc":{"start":{"line":6,"column":9},"end":{"line":17,"column":1}},"line":6},"1":{"name":"(anonymous_1)","decl":{"start":{"line":10,"column":33},"end":{"line":10,"column":34}},"loc":{"start":{"line":10,"column":46},"end":{"line":15,"column":5}},"line":10}},"branchMap":{"0":{"loc":{"start":{"line":11,"column":6},"end":{"line":13,"column":7}},"type":"if","locations":[{"start":{"line":11,"column":6},"end":{"line":13,"column":7}},{"start":{},"end":{}}],"line":11}},"s":{"0":0,"1":0,"2":0,"3":0},"f":{"0":0,"1":0},"b":{"0":[0,0]},"_coverageSchema":"1a1c01bbd47fc00a2c39e90264f33305004495a9","hash":"2f22e0e0c48063dd6dc0547ca9e3c3ae02e9df53"}
,"/Users/mauroandocilla/Documents/Work/ballastlane/assessment/app/pokemon/src/hooks/useAllPokemons.ts": {"path":"/Users/mauroandocilla/Documents/Work/ballastlane/assessment/app/pokemon/src/hooks/useAllPokemons.ts","statementMap":{"0":{"start":{"line":6,"column":2},"end":{"line":9,"column":4}},"1":{"start":{"line":7,"column":24},"end":{"line":7,"column":46}},"2":{"start":{"line":8,"column":4},"end":{"line":8,"column":72}}},"fnMap":{"0":{"name":"useAllPokemons","decl":{"start":{"line":5,"column":16},"end":{"line":5,"column":30}},"loc":{"start":{"line":5,"column":59},"end":{"line":10,"column":1}},"line":5},"1":{"name":"(anonymous_1)","decl":{"start":{"line":6,"column":9},"end":{"line":6,"column":10}},"loc":{"start":{"line":6,"column":21},"end":{"line":9,"column":3}},"line":6}},"branchMap":{},"s":{"0":11,"1":7,"2":0},"f":{"0":11,"1":7},"b":{},"_coverageSchema":"1a1c01bbd47fc00a2c39e90264f33305004495a9","hash":"ecd713569cbd947cde37534f86ea9aeab5942c41"}
,"/Users/mauroandocilla/Documents/Work/ballastlane/assessment/app/pokemon/src/hooks/usePokemonDetail.ts": {"path":"/Users/mauroandocilla/Documents/Work/ballastlane/assessment/app/pokemon/src/hooks/usePokemonDetail.ts","statementMap":{"0":{"start":{"line":6,"column":2},"end":{"line":19,"column":4}},"1":{"start":{"line":8,"column":6},"end":{"line":11,"column":9}},"2":{"start":{"line":12,"column":22},"end":{"line":12,"column":50}},"3":{"start":{"line":13,"column":6},"end":{"line":16,"column":9}}},"fnMap":{"0":{"name":"usePokemonDetail","decl":{"start":{"line":5,"column":16},"end":{"line":5,"column":32}},"loc":{"start":{"line":5,"column":61},"end":{"line":20,"column":1}},"line":5},"1":{"name":"(anonymous_1)","decl":{"start":{"line":7,"column":4},"end":{"line":7,"column":5}},"loc":{"start":{"line":7,"column":28},"end":{"line":17,"column":5}},"line":7}},"branchMap":{},"s":{"0":11,"1":0,"2":0,"3":0},"f":{"0":11,"1":0},"b":{},"_coverageSchema":"1a1c01bbd47fc00a2c39e90264f33305004495a9","hash":"c96605baf43b027b452fb88e68b299fcea5764e8"}
,"/Users/mauroandocilla/Documents/Work/ballastlane/assessment/app/pokemon/src/provider/PokemonApiProvider.ts": {"path":"/Users/mauroandocilla/Documents/Work/ballastlane/assessment/app/pokemon/src/provider/PokemonApiProvider.ts","statementMap":{"0":{"start":{"line":10,"column":4},"end":{"line":12,"column":7}},"1":{"start":{"line":17,"column":4},"end":{"line":17,"column":59}},"2":{"start":{"line":21,"column":4},"end":{"line":21,"column":50}},"3":{"start":{"line":25,"column":24},"end":{"line":28,"column":5}},"4":{"start":{"line":29,"column":4},"end":{"line":29,"column":49}},"5":{"start":{"line":29,"column":38},"end":{"line":29,"column":46}}},"fnMap":{"0":{"name":"(anonymous_0)","decl":{"start":{"line":9,"column":2},"end":{"line":9,"column":3}},"loc":{"start":{"line":9,"column":24},"end":{"line":13,"column":3}},"line":9},"1":{"name":"(anonymous_1)","decl":{"start":{"line":15,"column":2},"end":{"line":15,"column":3}},"loc":{"start":{"line":15,"column":31},"end":{"line":18,"column":3}},"line":15},"2":{"name":"(anonymous_2)","decl":{"start":{"line":20,"column":2},"end":{"line":20,"column":3}},"loc":{"start":{"line":20,"column":33},"end":{"line":22,"column":3}},"line":20},"3":{"name":"(anonymous_3)","decl":{"start":{"line":24,"column":2},"end":{"line":24,"column":3}},"loc":{"start":{"line":24,"column":61},"end":{"line":30,"column":3}},"line":24},"4":{"name":"(anonymous_4)","decl":{"start":{"line":29,"column":23},"end":{"line":29,"column":24}},"loc":{"start":{"line":29,"column":38},"end":{"line":29,"column":46}},"line":29}},"branchMap":{"0":{"loc":{"start":{"line":17,"column":11},"end":{"line":17,"column":58}},"type":"binary-expr","locations":[{"start":{"line":17,"column":11},"end":{"line":17,"column":25}},{"start":{"line":17,"column":30},"end":{"line":17,"column":57}}],"line":17}},"s":{"0":2,"1":2,"2":0,"3":7,"4":0,"5":0},"f":{"0":2,"1":2,"2":0,"3":7,"4":0},"b":{"0":[2,2]},"_coverageSchema":"1a1c01bbd47fc00a2c39e90264f33305004495a9","hash":"58dd3b5d5cc64da889683046ab032325ae5a6c88"}
,"/Users/mauroandocilla/Documents/Work/ballastlane/assessment/app/pokemon/src/services/PokemonService.ts": {"path":"/Users/mauroandocilla/Documents/Work/ballastlane/assessment/app/pokemon/src/services/PokemonService.ts","statementMap":{"0":{"start":{"line":4,"column":24},"end":{"line":4,"column":42}},"1":{"start":{"line":7,"column":2},"end":{"line":7,"column":39}},"2":{"start":{"line":11,"column":2},"end":{"line":11,"column":54}}},"fnMap":{"0":{"name":"getAllPokemons","decl":{"start":{"line":6,"column":16},"end":{"line":6,"column":30}},"loc":{"start":{"line":6,"column":67},"end":{"line":8,"column":1}},"line":6},"1":{"name":"getPokemonbyName","decl":{"start":{"line":10,"column":22},"end":{"line":10,"column":38}},"loc":{"start":{"line":10,"column":71},"end":{"line":12,"column":1}},"line":10}},"branchMap":{},"s":{"0":2,"1":7,"2":0},"f":{"0":7,"1":0},"b":{},"_coverageSchema":"1a1c01bbd47fc00a2c39e90264f33305004495a9","hash":"5792abdd79b43ca52ecb72164034e37d7e508884"}
}
