TN:
SF:src/App.tsx
FN:6,App
FNF:1
FNH:1
FNDA:1,App
DA:7,1
LF:1
LH:1
BRF:0
BRH:0
end_of_record
TN:
SF:src/constants.ts
FNF:0
FNH:0
DA:1,2
LF:1
LH:1
BRF:0
BRH:0
end_of_record
TN:
SF:src/index.tsx
FNF:0
FNH:0
DA:5,0
DA:8,0
LF:2
LH:0
BRF:0
BRH:0
end_of_record
TN:
SF:src/components/PokemonGuesser/PokemonGuesserContainer.tsx
FN:8,(anonymous_0)
FN:18,(anonymous_1)
FN:26,(anonymous_2)
FN:30,(anonymous_3)
FNF:4
FNH:4
FNDA:11,(anonymous_0)
FNDA:3,(anonymous_1)
FNDA:7,(anonymous_2)
FNDA:1,(anonymous_3)
DA:8,2
DA:9,11
DA:10,11
DA:14,11
DA:16,11
DA:18,11
DA:19,3
DA:20,1
DA:22,2
DA:26,11
DA:27,7
DA:30,11
DA:31,1
DA:32,1
DA:35,11
DA:37,11
LF:16
LH:16
BRDA:19,0,0,1
BRDA:19,0,1,2
BRF:2
BRH:2
end_of_record
TN:
SF:src/components/PokemonGuesser/PokemonGuesserPresentational.tsx
FN:6,(anonymous_0)
FN:9,(anonymous_1)
FNF:2
FNH:2
FNDA:19,(anonymous_0)
FNDA:4,(anonymous_1)
DA:6,3
DA:7,19
DA:9,19
DA:10,4
DA:11,4
DA:14,19
LF:6
LH:6
BRDA:11,0,0,4
BRDA:11,0,1,4
BRDA:16,1,0,3
BRDA:16,1,1,16
BRDA:24,2,0,16
BRDA:24,2,1,4
BRDA:27,3,0,16
BRDA:27,3,1,3
BRDA:30,4,0,16
BRDA:30,4,1,9
BRDA:39,5,0,9
BRDA:39,5,1,9
BRDA:44,6,0,16
BRDA:44,6,1,4
BRDA:47,7,0,16
BRDA:47,7,1,3
BRF:16
BRH:16
end_of_record
TN:
SF:src/components/PokemonGuesser/index.ts
FNF:0
FNH:0
LF:0
LH:0
BRF:0
BRH:0
end_of_record
TN:
SF:src/components/PokemonGuesser/types.ts
FNF:0
FNH:0
LF:0
LH:0
BRF:0
BRH:0
end_of_record
TN:
SF:src/components/PokemonGuesser/components/PokemonGuessingImage.tsx
FN:14,(anonymous_0)
FN:17,(anonymous_1)
FNF:2
FNH:2
FNDA:20,(anonymous_0)
FNDA:20,(anonymous_1)
DA:12,4
DA:14,20
DA:17,4
DA:18,20
LF:4
LH:4
BRDA:14,0,0,11
BRDA:14,0,1,9
BRF:2
BRH:2
end_of_record
TN:
SF:src/components/PokemonGuesser/hooks/useGetRandomPokemon.ts
FN:8,useGetRandomPokemon
FN:23,(anonymous_1)
FN:40,(anonymous_2)
FNF:3
FNH:3
FNDA:11,useGetRandomPokemon
FNDA:7,(anonymous_1)
FNDA:1,(anonymous_2)
DA:12,11
DA:19,11
DA:21,11
DA:23,11
DA:24,7
DA:26,7
DA:27,5
DA:28,2
DA:29,0
DA:32,2
DA:40,11
DA:41,1
DA:44,11
LF:13
LH:12
BRDA:26,0,0,5
BRDA:26,0,1,2
BRDA:26,1,0,7
BRDA:26,1,1,5
BRDA:28,2,0,0
BRDA:28,2,1,2
BRDA:28,3,0,2
BRDA:28,3,1,0
BRF:8
BRH:6
end_of_record
TN:
SF:src/components/PokemonGuesser/lib/getRandomInt.ts
FN:1,getRandomInt
FNF:1
FNH:1
FNDA:1,getRandomInt
DA:2,1
LF:1
LH:1
BRF:0
BRH:0
end_of_record
TN:
SF:src/context/PokemonContext.tsx
FN:13,(anonymous_0)
FN:17,(anonymous_1)
FN:21,PokemonProvider
FNF:3
FNH:2
FNDA:0,(anonymous_0)
FNDA:2,(anonymous_1)
FNDA:7,PokemonProvider
DA:6,2
DA:11,2
DA:17,2
DA:18,2
DA:22,7
DA:24,7
DA:29,7
LF:7
LH:7
BRF:0
BRH:0
end_of_record
TN:
SF:src/context/reducer.ts
FN:6,reducer
FNF:1
FNH:0
FNDA:0,reducer
DA:7,0
DA:9,0
DA:11,0
DA:13,0
DA:15,0
LF:5
LH:0
BRDA:7,0,0,0
BRDA:7,0,1,0
BRDA:7,0,2,0
BRDA:7,0,3,0
BRF:4
BRH:0
end_of_record
TN:
SF:src/context/types.ts
FNF:0
FNH:0
LF:0
LH:0
BRF:0
BRH:0
end_of_record
TN:
SF:src/context/reducers/setIsLoadingReducer.ts
FN:3,setIsLoadingReducer
FNF:1
FNH:0
FNDA:0,setIsLoadingReducer
DA:7,0
LF:1
LH:0
BRF:0
BRH:0
end_of_record
TN:
SF:src/context/reducers/updateAllPokemonsReducer.ts
FN:3,updateAllPokemonsReducer
FNF:1
FNH:0
FNDA:0,updateAllPokemonsReducer
DA:7,0
LF:1
LH:0
BRF:0
BRH:0
end_of_record
TN:
SF:src/context/reducers/updatePokemonDetailReducer.ts
FN:3,updatePokemonDetailReducer
FN:10,(anonymous_1)
FNF:2
FNH:0
FNDA:0,updatePokemonDetailReducer
FNDA:0,(anonymous_1)
DA:7,0
DA:11,0
DA:12,0
DA:14,0
LF:4
LH:0
BRDA:11,0,0,0
BRDA:11,0,1,0
BRF:2
BRH:0
end_of_record
TN:
SF:src/hooks/useAllPokemons.ts
FN:5,useAllPokemons
FN:6,(anonymous_1)
FNF:2
FNH:2
FNDA:11,useAllPokemons
FNDA:7,(anonymous_1)
DA:6,11
DA:7,7
DA:8,0
LF:3
LH:2
BRF:0
BRH:0
end_of_record
TN:
SF:src/hooks/usePokemonDetail.ts
FN:5,usePokemonDetail
FN:7,(anonymous_1)
FNF:2
FNH:1
FNDA:11,usePokemonDetail
FNDA:0,(anonymous_1)
DA:6,11
DA:8,0
DA:12,0
DA:13,0
LF:4
LH:1
BRF:0
BRH:0
end_of_record
TN:
SF:src/provider/PokemonApiProvider.ts
FN:9,(anonymous_0)
FN:15,(anonymous_1)
FN:20,(anonymous_2)
FN:24,(anonymous_3)
FN:29,(anonymous_4)
FNF:5
FNH:3
FNDA:2,(anonymous_0)
FNDA:2,(anonymous_1)
FNDA:0,(anonymous_2)
FNDA:7,(anonymous_3)
FNDA:0,(anonymous_4)
DA:10,2
DA:17,2
DA:21,0
DA:25,7
DA:29,0
LF:5
LH:3
BRDA:17,0,0,2
BRDA:17,0,1,2
BRF:2
BRH:2
end_of_record
TN:
SF:src/services/PokemonService.ts
FN:6,getAllPokemons
FN:10,getPokemonbyName
FNF:2
FNH:1
FNDA:7,getAllPokemons
FNDA:0,getPokemonbyName
DA:4,2
DA:7,7
DA:11,0
LF:3
LH:2
BRF:0
BRH:0
end_of_record
